<?xml version="1.0" encoding="UTF-8"?>
<testsuite name="com.zinzun.book.springboot.web.HelloControllerTest" tests="2" skipped="0" failures="0" errors="0" timestamp="2022-03-24T12:18:04" hostname="ijin-ui-MacBookPro.local" time="0.258">
  <properties/>
  <testcase name="hello가_리턴된다" classname="com.zinzun.book.springboot.web.HelloControllerTest" time="0.154"/>
  <testcase name="helloDto가_리턴된다" classname="com.zinzun.book.springboot.web.HelloControllerTest" time="0.104"/>
  <system-out><![CDATA[
  .   ____          _            __ _ _
 /\\ / ___'_ __ _ _(_)_ __  __ _ \ \ \ \
( ( )\___ | '_ | '_| | '_ \/ _` | \ \ \ \
 \\/  ___)| |_)| | | | | || (_| |  ) ) ) )
  '  |____| .__|_| |_|_| |_\__, | / / / /
 =========|_|==============|___/=/_/_/_/
 :: Spring Boot ::        (v2.1.7.RELEASE)

2022-03-24 21:18:02.985  INFO 79680 --- [    Test worker] c.z.b.s.web.HelloControllerTest          : Starting HelloControllerTest on ijin-ui-MacBookPro.local with PID 79680 (started by ijin in /Users/ijin/Documents/GitHub/the-actual-webservice)
2022-03-24 21:18:02.987  INFO 79680 --- [    Test worker] c.z.b.s.web.HelloControllerTest          : No active profile set, falling back to default profiles: default
2022-03-24 21:18:03.476  INFO 79680 --- [    Test worker] o.s.s.concurrent.ThreadPoolTaskExecutor  : Initializing ExecutorService 'applicationTaskExecutor'
2022-03-24 21:18:03.523  INFO 79680 --- [    Test worker] o.s.b.a.w.s.WelcomePageHandlerMapping    : Adding welcome page template: index
2022-03-24 21:18:03.823  INFO 79680 --- [    Test worker] .s.s.UserDetailsServiceAutoConfiguration : 

Using generated security password: 701d20d3-8b29-48a7-84df-2c8480eb9409

2022-03-24 21:18:03.946  INFO 79680 --- [    Test worker] o.s.s.web.DefaultSecurityFilterChain     : Creating filter chain: any request, [org.springframework.security.web.context.request.async.WebAsyncManagerIntegrationFilter@377db2c6, org.springframework.security.web.context.SecurityContextPersistenceFilter@7bc7d51e, org.springframework.security.web.header.HeaderWriterFilter@2a12edbc, org.springframework.security.web.csrf.CsrfFilter@8fa088f, org.springframework.security.web.authentication.logout.LogoutFilter@2acd850a, org.springframework.security.web.authentication.UsernamePasswordAuthenticationFilter@35778a1d, org.springframework.security.web.authentication.ui.DefaultLoginPageGeneratingFilter@3d08362a, org.springframework.security.web.authentication.ui.DefaultLogoutPageGeneratingFilter@29cffbec, org.springframework.security.web.authentication.www.BasicAuthenticationFilter@5d193e21, org.springframework.security.web.savedrequest.RequestCacheAwareFilter@535d390c, org.springframework.security.web.servletapi.SecurityContextHolderAwareRequestFilter@6e1f41d6, org.springframework.security.web.authentication.AnonymousAuthenticationFilter@3db320c2, org.springframework.security.web.session.SessionManagementFilter@72f43601, org.springframework.security.web.access.ExceptionTranslationFilter@54ff99ab, org.springframework.security.web.access.intercept.FilterSecurityInterceptor@3c07a051]
2022-03-24 21:18:03.988  INFO 79680 --- [    Test worker] o.s.b.t.m.w.SpringBootMockServletContext : Initializing Spring TestDispatcherServlet ''
2022-03-24 21:18:03.988  INFO 79680 --- [    Test worker] o.s.t.web.servlet.TestDispatcherServlet  : Initializing Servlet ''
2022-03-24 21:18:04.003  INFO 79680 --- [    Test worker] o.s.t.web.servlet.TestDispatcherServlet  : Completed initialization in 14 ms
2022-03-24 21:18:04.042  INFO 79680 --- [    Test worker] c.z.b.s.web.HelloControllerTest          : Started HelloControllerTest in 1.101 seconds (JVM running for 11.697)
]]></system-out>
  <system-err><![CDATA[]]></system-err>
</testsuite>
