<?xml version="1.0" encoding="UTF-8"?>
<testsuite name="com.zinzun.book.springboot.web.IndexControllerTest" tests="1" skipped="0" failures="0" errors="0" timestamp="2022-03-25T15:46:11" hostname="ijin-ui-MacBookPro.local" time="0.217">
  <properties/>
  <testcase name="메인페이지_로딩" classname="com.zinzun.book.springboot.web.IndexControllerTest" time="0.217"/>
  <system-out><![CDATA[2022-03-26 00:46:09.215  INFO 9689 --- [    Test worker] .b.t.c.SpringBootTestContextBootstrapper : Neither @ContextConfiguration nor @ContextHierarchy found for test class [com.zinzun.book.springboot.web.IndexControllerTest], using SpringBootContextLoader
2022-03-26 00:46:09.217  INFO 9689 --- [    Test worker] o.s.t.c.support.AbstractContextLoader    : Could not detect default resource locations for test class [com.zinzun.book.springboot.web.IndexControllerTest]: no resource found for suffixes {-context.xml, Context.groovy}.
2022-03-26 00:46:09.217  INFO 9689 --- [    Test worker] t.c.s.AnnotationConfigContextLoaderUtils : Could not detect default configuration classes for test class [com.zinzun.book.springboot.web.IndexControllerTest]: IndexControllerTest does not declare any static, non-private, non-final, nested classes annotated with @Configuration.
2022-03-26 00:46:09.221  INFO 9689 --- [    Test worker] .b.t.c.SpringBootTestContextBootstrapper : Found @SpringBootConfiguration com.zinzun.book.springboot.Application for test class com.zinzun.book.springboot.web.IndexControllerTest
2022-03-26 00:46:09.227  INFO 9689 --- [    Test worker] .b.t.c.SpringBootTestContextBootstrapper : Loaded default TestExecutionListener class names from location [META-INF/spring.factories]: [org.springframework.security.test.context.support.WithSecurityContextTestExecutionListener, org.springframework.security.test.context.support.ReactorContextTestExecutionListener, org.springframework.boot.test.autoconfigure.restdocs.RestDocsTestExecutionListener, org.springframework.boot.test.autoconfigure.web.client.MockRestServiceServerResetTestExecutionListener, org.springframework.boot.test.autoconfigure.web.servlet.MockMvcPrintOnlyOnFailureTestExecutionListener, org.springframework.boot.test.autoconfigure.web.servlet.WebDriverTestExecutionListener, org.springframework.boot.test.mock.mockito.MockitoTestExecutionListener, org.springframework.boot.test.mock.mockito.ResetMocksTestExecutionListener, org.springframework.test.context.web.ServletTestExecutionListener, org.springframework.test.context.support.DirtiesContextBeforeModesTestExecutionListener, org.springframework.test.context.support.DependencyInjectionTestExecutionListener, org.springframework.test.context.support.DirtiesContextTestExecutionListener, org.springframework.test.context.transaction.TransactionalTestExecutionListener, org.springframework.test.context.jdbc.SqlScriptsTestExecutionListener]
2022-03-26 00:46:09.236  INFO 9689 --- [    Test worker] .b.t.c.SpringBootTestContextBootstrapper : Using TestExecutionListeners: [org.springframework.test.context.web.ServletTestExecutionListener@62fe4ea0, org.springframework.test.context.support.DirtiesContextBeforeModesTestExecutionListener@65fd65e4, org.springframework.boot.test.mock.mockito.MockitoTestExecutionListener@31632903, org.springframework.boot.test.autoconfigure.SpringBootDependencyInjectionTestExecutionListener@43b26e6b, org.springframework.test.context.support.DirtiesContextTestExecutionListener@5329b3f3, org.springframework.test.context.transaction.TransactionalTestExecutionListener@5d753e37, org.springframework.test.context.jdbc.SqlScriptsTestExecutionListener@75f62fab, org.springframework.security.test.context.support.WithSecurityContextTestExecutionListener@2567c648, org.springframework.security.test.context.support.ReactorContextTestExecutionListener@3b4f4f3c, org.springframework.boot.test.autoconfigure.restdocs.RestDocsTestExecutionListener@4f3f4ae4, org.springframework.boot.test.autoconfigure.web.client.MockRestServiceServerResetTestExecutionListener@bf0afdf, org.springframework.boot.test.autoconfigure.web.servlet.MockMvcPrintOnlyOnFailureTestExecutionListener@103e6d6f, org.springframework.boot.test.autoconfigure.web.servlet.WebDriverTestExecutionListener@5149f6fb, org.springframework.boot.test.mock.mockito.ResetMocksTestExecutionListener@6414fe5c]

  .   ____          _            __ _ _
 /\\ / ___'_ __ _ _(_)_ __  __ _ \ \ \ \
( ( )\___ | '_ | '_| | '_ \/ _` | \ \ \ \
 \\/  ___)| |_)| | | | | || (_| |  ) ) ) )
  '  |____| .__|_| |_|_| |_\__, | / / / /
 =========|_|==============|___/=/_/_/_/
 :: Spring Boot ::        (v2.1.9.RELEASE)

2022-03-26 00:46:09.327  INFO 9689 --- [    Test worker] c.z.b.s.web.IndexControllerTest          : Starting IndexControllerTest on ijin-ui-MacBookPro.local with PID 9689 (started by ijin in /Users/ijin/Documents/GitHub/the-actual-webservice)
2022-03-26 00:46:09.327  INFO 9689 --- [    Test worker] c.z.b.s.web.IndexControllerTest          : No active profile set, falling back to default profiles: default
2022-03-26 00:46:09.527  INFO 9689 --- [    Test worker] .s.d.r.c.RepositoryConfigurationDelegate : Bootstrapping Spring Data repositories in DEFAULT mode.
2022-03-26 00:46:09.541  INFO 9689 --- [    Test worker] .s.d.r.c.RepositoryConfigurationDelegate : Finished Spring Data repository scanning in 14ms. Found 2 repository interfaces.
2022-03-26 00:46:09.632  INFO 9689 --- [    Test worker] trationDelegate$BeanPostProcessorChecker : Bean 'org.springframework.transaction.annotation.ProxyTransactionManagementConfiguration' of type [org.springframework.transaction.annotation.ProxyTransactionManagementConfiguration$$EnhancerBySpringCGLIB$$8b5e54d6] is not eligible for getting processed by all BeanPostProcessors (for example: not eligible for auto-proxying)
2022-03-26 00:46:09.951  INFO 9689 --- [    Test worker] o.s.b.w.embedded.tomcat.TomcatWebServer  : Tomcat initialized with port(s): 0 (http)
2022-03-26 00:46:09.985  INFO 9689 --- [    Test worker] o.apache.catalina.core.StandardService   : Starting service [Tomcat]
2022-03-26 00:46:09.986  INFO 9689 --- [    Test worker] org.apache.catalina.core.StandardEngine  : Starting Servlet engine: [Apache Tomcat/9.0.26]
2022-03-26 00:46:10.185  INFO 9689 --- [    Test worker] o.a.c.c.C.[Tomcat].[localhost].[/]       : Initializing Spring embedded WebApplicationContext
2022-03-26 00:46:10.186  INFO 9689 --- [    Test worker] o.s.web.context.ContextLoader            : Root WebApplicationContext: initialization completed in 846 ms
2022-03-26 00:46:10.372  INFO 9689 --- [    Test worker] com.zaxxer.hikari.HikariDataSource       : HikariPool-2 - Starting...
2022-03-26 00:46:10.374  INFO 9689 --- [    Test worker] com.zaxxer.hikari.HikariDataSource       : HikariPool-2 - Start completed.
2022-03-26 00:46:10.415  INFO 9689 --- [    Test worker] o.hibernate.jpa.internal.util.LogHelper  : HHH000204: Processing PersistenceUnitInfo [
	name: default
	...]
2022-03-26 00:46:10.422  INFO 9689 --- [    Test worker] org.hibernate.dialect.Dialect            : HHH000400: Using dialect: org.hibernate.dialect.MySQL5InnoDBDialect
Hibernate: drop table if exists posts
Hibernate: drop table if exists user
Hibernate: create table posts (id bigint not null auto_increment, created_date datetime, modified_date datetime, author varchar(255), content TEXT not null, title varchar(500) not null, primary key (id)) engine=InnoDB
Hibernate: create table user (id bigint not null auto_increment, created_date datetime, modified_date datetime, email varchar(255) not null, name varchar(255) not null, picture varchar(255), role varchar(255) not null, primary key (id)) engine=InnoDB
2022-03-26 00:46:10.487  INFO 9689 --- [    Test worker] o.h.t.schema.internal.SchemaCreatorImpl  : HHH000476: Executing import script 'org.hibernate.tool.schema.internal.exec.ScriptSourceInputNonExistentImpl@7bad1bd6'
2022-03-26 00:46:10.488  INFO 9689 --- [    Test worker] j.LocalContainerEntityManagerFactoryBean : Initialized JPA EntityManagerFactory for persistence unit 'default'
2022-03-26 00:46:10.703  INFO 9689 --- [    Test worker] o.h.h.i.QueryTranslatorFactoryInitiator  : HHH000397: Using ASTQueryTranslatorFactory
2022-03-26 00:46:10.990  INFO 9689 --- [    Test worker] o.s.s.web.DefaultSecurityFilterChain     : Creating filter chain: any request, [org.springframework.security.web.context.request.async.WebAsyncManagerIntegrationFilter@4a938c72, org.springframework.security.web.context.SecurityContextPersistenceFilter@5d7d1446, org.springframework.security.web.header.HeaderWriterFilter@70311a0, org.springframework.security.web.authentication.logout.LogoutFilter@54843060, org.springframework.security.oauth2.client.web.OAuth2AuthorizationRequestRedirectFilter@11d7ffc3, org.springframework.security.oauth2.client.web.OAuth2LoginAuthenticationFilter@5773e5b2, org.springframework.security.web.authentication.ui.DefaultLoginPageGeneratingFilter@61eec73f, org.springframework.security.web.authentication.ui.DefaultLogoutPageGeneratingFilter@2103c0b2, org.springframework.security.web.savedrequest.RequestCacheAwareFilter@5ffa3a1f, org.springframework.security.web.servletapi.SecurityContextHolderAwareRequestFilter@40ebae51, org.springframework.security.web.authentication.AnonymousAuthenticationFilter@f040ab6, org.springframework.security.web.session.SessionManagementFilter@6e89e5a6, org.springframework.security.web.access.ExceptionTranslationFilter@3a071056, org.springframework.security.web.access.intercept.FilterSecurityInterceptor@1d0ecebc]
2022-03-26 00:46:11.244  INFO 9689 --- [    Test worker] o.s.s.concurrent.ThreadPoolTaskExecutor  : Initializing ExecutorService 'applicationTaskExecutor'
2022-03-26 00:46:11.261  WARN 9689 --- [    Test worker] aWebConfiguration$JpaWebMvcConfiguration : spring.jpa.open-in-view is enabled by default. Therefore, database queries may be performed during view rendering. Explicitly configure spring.jpa.open-in-view to disable this warning
2022-03-26 00:46:11.285  INFO 9689 --- [    Test worker] o.s.b.a.w.s.WelcomePageHandlerMapping    : Adding welcome page template: index
2022-03-26 00:46:11.528  INFO 9689 --- [    Test worker] s.a.ScheduledAnnotationBeanPostProcessor : No TaskScheduler/ScheduledExecutorService bean found for scheduled processing
2022-03-26 00:46:11.550  INFO 9689 --- [    Test worker] o.s.b.w.embedded.tomcat.TomcatWebServer  : Tomcat started on port(s): 56919 (http) with context path ''
2022-03-26 00:46:11.551  INFO 9689 --- [    Test worker] c.z.b.s.web.IndexControllerTest          : Started IndexControllerTest in 2.311 seconds (JVM running for 12.343)
2022-03-26 00:46:11.659  INFO 9689 --- [o-auto-1-exec-1] o.a.c.c.C.[Tomcat].[localhost].[/]       : Initializing Spring DispatcherServlet 'dispatcherServlet'
2022-03-26 00:46:11.660  INFO 9689 --- [o-auto-1-exec-1] o.s.web.servlet.DispatcherServlet        : Initializing Servlet 'dispatcherServlet'
2022-03-26 00:46:11.685  INFO 9689 --- [o-auto-1-exec-1] o.s.web.servlet.DispatcherServlet        : Completed initialization in 25 ms
Hibernate: select posts0_.id as id1_0_, posts0_.created_date as created_2_0_, posts0_.modified_date as modified3_0_, posts0_.author as author4_0_, posts0_.content as content5_0_, posts0_.title as title6_0_ from posts posts0_ order by posts0_.id DESC
]]></system-out>
  <system-err><![CDATA[]]></system-err>
</testsuite>
