<?xml version="1.0" encoding="UTF-8"?>
<testsuite name="com.zinzun.book.springboot.web.dto.HelloResponseDtoTest" tests="1" skipped="0" failures="0" errors="0" timestamp="2022-03-25T15:45:59" hostname="ijin-ui-MacBookPro.local" time="0.093">
  <properties/>
  <testcase name="롬복_기능_테스트" classname="com.zinzun.book.springboot.web.dto.HelloResponseDtoTest" time="0.093"/>
  <system-out><![CDATA[]]></system-out>
  <system-err><![CDATA[]]></system-err>
</testsuite>
