<?xml version="1.0" encoding="UTF-8"?>
<testsuite name="com.zinzun.book.springboot.web.HelloControllerTest" tests="2" skipped="0" failures="0" errors="0" timestamp="2022-03-23T15:47:11" hostname="ijin-ui-MacBookPro.local" time="0.64">
  <properties/>
  <testcase name="hello가_리턴된다" classname="com.zinzun.book.springboot.web.HelloControllerTest" time="0.542"/>
  <testcase name="helloDto가_리턴된다" classname="com.zinzun.book.springboot.web.HelloControllerTest" time="0.097"/>
  <system-out><![CDATA[00:47:08.622 [Test worker] DEBUG org.springframework.test.annotation.ProfileValueUtils - Retrieved @ProfileValueSourceConfiguration [null] for test class [com.zinzun.book.springboot.web.HelloControllerTest]
00:47:08.623 [Test worker] DEBUG org.springframework.test.annotation.ProfileValueUtils - Retrieved ProfileValueSource type [class org.springframework.test.annotation.SystemProfileValueSource] for class [com.zinzun.book.springboot.web.HelloControllerTest]
00:47:08.624 [Test worker] DEBUG org.springframework.test.annotation.ProfileValueUtils - Retrieved @ProfileValueSourceConfiguration [null] for test class [com.zinzun.book.springboot.web.HelloControllerTest]
00:47:08.624 [Test worker] DEBUG org.springframework.test.annotation.ProfileValueUtils - Retrieved ProfileValueSource type [class org.springframework.test.annotation.SystemProfileValueSource] for class [com.zinzun.book.springboot.web.HelloControllerTest]
00:47:08.630 [Test worker] DEBUG org.springframework.test.context.support.AbstractDirtiesContextTestExecutionListener - Before test class: context [DefaultTestContext@bf71562 testClass = HelloControllerTest, testInstance = [null], testMethod = [null], testException = [null], mergedContextConfiguration = [WebMergedContextConfiguration@5a6170e1 testClass = HelloControllerTest, locations = '{}', classes = '{class com.zinzun.book.springboot.Application}', contextInitializerClasses = '[]', activeProfiles = '{}', propertySourceLocations = '{}', propertySourceProperties = '{org.springframework.boot.test.autoconfigure.web.servlet.WebMvcTestContextBootstrapper=true}', contextCustomizers = set[org.springframework.boot.test.autoconfigure.OverrideAutoConfigurationContextCustomizerFactory$DisableAutoConfigurationContextCustomizer@3d25259c, org.springframework.boot.test.autoconfigure.filter.TypeExcludeFiltersContextCustomizer@52eacdab, org.springframework.boot.test.autoconfigure.properties.PropertyMappingContextCustomizer@a6f67768, org.springframework.boot.test.autoconfigure.web.servlet.WebDriverContextCustomizerFactory$Customizer@660a6c86, [ImportsContextCustomizer@5a559dae key = [org.springframework.boot.autoconfigure.cache.CacheAutoConfiguration, org.springframework.boot.autoconfigure.context.MessageSourceAutoConfiguration, org.springframework.boot.autoconfigure.data.web.SpringDataWebAutoConfiguration, org.springframework.boot.autoconfigure.freemarker.FreeMarkerAutoConfiguration, org.springframework.boot.autoconfigure.groovy.template.GroovyTemplateAutoConfiguration, org.springframework.boot.autoconfigure.gson.GsonAutoConfiguration, org.springframework.boot.autoconfigure.hateoas.HypermediaAutoConfiguration, org.springframework.boot.autoconfigure.http.HttpMessageConvertersAutoConfiguration, org.springframework.boot.autoconfigure.jackson.JacksonAutoConfiguration, org.springframework.boot.autoconfigure.jsonb.JsonbAutoConfiguration, org.springframework.boot.autoconfigure.mustache.MustacheAutoConfiguration, org.springframework.boot.autoconfigure.task.TaskExecutionAutoConfiguration, org.springframework.boot.autoconfigure.thymeleaf.ThymeleafAutoConfiguration, org.springframework.boot.autoconfigure.validation.ValidationAutoConfiguration, org.springframework.boot.autoconfigure.web.servlet.error.ErrorMvcAutoConfiguration, org.springframework.boot.autoconfigure.web.servlet.WebMvcAutoConfiguration, org.springframework.boot.test.autoconfigure.web.servlet.MockMvcAutoConfiguration, org.springframework.boot.test.autoconfigure.web.servlet.MockMvcSecurityAutoConfiguration, org.springframework.boot.test.autoconfigure.web.servlet.MockMvcWebClientAutoConfiguration, org.springframework.boot.test.autoconfigure.web.servlet.MockMvcWebDriverAutoConfiguration]], org.springframework.boot.test.context.filter.ExcludeFilterContextCustomizer@4a217276, org.springframework.boot.test.json.DuplicateJsonObjectContextCustomizerFactory$DuplicateJsonObjectContextCustomizer@411189fe, org.springframework.boot.test.mock.mockito.MockitoContextCustomizer@0], resourceBasePath = 'src/main/webapp', contextLoader = 'org.springframework.boot.test.context.SpringBootContextLoader', parent = [null]], attributes = map[[empty]]], class annotated with @DirtiesContext [false] with mode [null].
00:47:08.632 [Test worker] DEBUG org.springframework.test.annotation.ProfileValueUtils - Retrieved @ProfileValueSourceConfiguration [null] for test class [com.zinzun.book.springboot.web.HelloControllerTest]
00:47:08.632 [Test worker] DEBUG org.springframework.test.annotation.ProfileValueUtils - Retrieved ProfileValueSource type [class org.springframework.test.annotation.SystemProfileValueSource] for class [com.zinzun.book.springboot.web.HelloControllerTest]
00:47:08.640 [Test worker] DEBUG org.springframework.test.context.support.DependencyInjectionTestExecutionListener - Performing dependency injection for test context [[DefaultTestContext@bf71562 testClass = HelloControllerTest, testInstance = com.zinzun.book.springboot.web.HelloControllerTest@4dca2748, testMethod = [null], testException = [null], mergedContextConfiguration = [WebMergedContextConfiguration@5a6170e1 testClass = HelloControllerTest, locations = '{}', classes = '{class com.zinzun.book.springboot.Application}', contextInitializerClasses = '[]', activeProfiles = '{}', propertySourceLocations = '{}', propertySourceProperties = '{org.springframework.boot.test.autoconfigure.web.servlet.WebMvcTestContextBootstrapper=true}', contextCustomizers = set[org.springframework.boot.test.autoconfigure.OverrideAutoConfigurationContextCustomizerFactory$DisableAutoConfigurationContextCustomizer@3d25259c, org.springframework.boot.test.autoconfigure.filter.TypeExcludeFiltersContextCustomizer@52eacdab, org.springframework.boot.test.autoconfigure.properties.PropertyMappingContextCustomizer@a6f67768, org.springframework.boot.test.autoconfigure.web.servlet.WebDriverContextCustomizerFactory$Customizer@660a6c86, [ImportsContextCustomizer@5a559dae key = [org.springframework.boot.autoconfigure.cache.CacheAutoConfiguration, org.springframework.boot.autoconfigure.context.MessageSourceAutoConfiguration, org.springframework.boot.autoconfigure.data.web.SpringDataWebAutoConfiguration, org.springframework.boot.autoconfigure.freemarker.FreeMarkerAutoConfiguration, org.springframework.boot.autoconfigure.groovy.template.GroovyTemplateAutoConfiguration, org.springframework.boot.autoconfigure.gson.GsonAutoConfiguration, org.springframework.boot.autoconfigure.hateoas.HypermediaAutoConfiguration, org.springframework.boot.autoconfigure.http.HttpMessageConvertersAutoConfiguration, org.springframework.boot.autoconfigure.jackson.JacksonAutoConfiguration, org.springframework.boot.autoconfigure.jsonb.JsonbAutoConfiguration, org.springframework.boot.autoconfigure.mustache.MustacheAutoConfiguration, org.springframework.boot.autoconfigure.task.TaskExecutionAutoConfiguration, org.springframework.boot.autoconfigure.thymeleaf.ThymeleafAutoConfiguration, org.springframework.boot.autoconfigure.validation.ValidationAutoConfiguration, org.springframework.boot.autoconfigure.web.servlet.error.ErrorMvcAutoConfiguration, org.springframework.boot.autoconfigure.web.servlet.WebMvcAutoConfiguration, org.springframework.boot.test.autoconfigure.web.servlet.MockMvcAutoConfiguration, org.springframework.boot.test.autoconfigure.web.servlet.MockMvcSecurityAutoConfiguration, org.springframework.boot.test.autoconfigure.web.servlet.MockMvcWebClientAutoConfiguration, org.springframework.boot.test.autoconfigure.web.servlet.MockMvcWebDriverAutoConfiguration]], org.springframework.boot.test.context.filter.ExcludeFilterContextCustomizer@4a217276, org.springframework.boot.test.json.DuplicateJsonObjectContextCustomizerFactory$DuplicateJsonObjectContextCustomizer@411189fe, org.springframework.boot.test.mock.mockito.MockitoContextCustomizer@0], resourceBasePath = 'src/main/webapp', contextLoader = 'org.springframework.boot.test.context.SpringBootContextLoader', parent = [null]], attributes = map[[empty]]]].
00:47:08.672 [Test worker] DEBUG org.springframework.test.context.support.TestPropertySourceUtils - Adding inlined properties to environment: {spring.jmx.enabled=false, org.springframework.boot.test.autoconfigure.web.servlet.WebMvcTestContextBootstrapper=true, server.port=-1}

  .   ____          _            __ _ _
 /\\ / ___'_ __ _ _(_)_ __  __ _ \ \ \ \
( ( )\___ | '_ | '_| | '_ \/ _` | \ \ \ \
 \\/  ___)| |_)| | | | | || (_| |  ) ) ) )
  '  |____| .__|_| |_|_| |_\__, | / / / /
 =========|_|==============|___/=/_/_/_/
 :: Spring Boot ::        (v2.1.7.RELEASE)

2022-03-24 00:47:09.074  INFO 11198 --- [    Test worker] c.z.b.s.web.HelloControllerTest          : Starting HelloControllerTest on ijin-ui-MacBookPro.local with PID 11198 (started by ijin in /Users/ijin/Documents/GitHub/the-actual-webservice)
2022-03-24 00:47:09.078  INFO 11198 --- [    Test worker] c.z.b.s.web.HelloControllerTest          : No active profile set, falling back to default profiles: default
2022-03-24 00:47:10.693  INFO 11198 --- [    Test worker] o.s.s.concurrent.ThreadPoolTaskExecutor  : Initializing ExecutorService 'applicationTaskExecutor'
2022-03-24 00:47:10.817  INFO 11198 --- [    Test worker] o.s.b.a.w.s.WelcomePageHandlerMapping    : Adding welcome page template: index
2022-03-24 00:47:11.145  INFO 11198 --- [    Test worker] .s.s.UserDetailsServiceAutoConfiguration : 

Using generated security password: c7472b85-6c0b-4395-933d-e641d61584e2

2022-03-24 00:47:11.330  INFO 11198 --- [    Test worker] o.s.s.web.DefaultSecurityFilterChain     : Creating filter chain: any request, [org.springframework.security.web.context.request.async.WebAsyncManagerIntegrationFilter@3154f74c, org.springframework.security.web.context.SecurityContextPersistenceFilter@7b0191f4, org.springframework.security.web.header.HeaderWriterFilter@7a7e2e65, org.springframework.security.web.csrf.CsrfFilter@6fb3cd49, org.springframework.security.web.authentication.logout.LogoutFilter@61b0dbd3, org.springframework.security.web.authentication.UsernamePasswordAuthenticationFilter@5521ef44, org.springframework.security.web.authentication.ui.DefaultLoginPageGeneratingFilter@954ddd3, org.springframework.security.web.authentication.ui.DefaultLogoutPageGeneratingFilter@13981d68, org.springframework.security.web.authentication.www.BasicAuthenticationFilter@5acf2910, org.springframework.security.web.savedrequest.RequestCacheAwareFilter@624f74ac, org.springframework.security.web.servletapi.SecurityContextHolderAwareRequestFilter@5ba8df84, org.springframework.security.web.authentication.AnonymousAuthenticationFilter@33567797, org.springframework.security.web.session.SessionManagementFilter@48705d27, org.springframework.security.web.access.ExceptionTranslationFilter@540cb955, org.springframework.security.web.access.intercept.FilterSecurityInterceptor@440c7612]
2022-03-24 00:47:11.375  INFO 11198 --- [    Test worker] o.s.b.t.m.w.SpringBootMockServletContext : Initializing Spring TestDispatcherServlet ''
2022-03-24 00:47:11.375  INFO 11198 --- [    Test worker] o.s.t.web.servlet.TestDispatcherServlet  : Initializing Servlet ''
2022-03-24 00:47:11.387  INFO 11198 --- [    Test worker] o.s.t.web.servlet.TestDispatcherServlet  : Completed initialization in 11 ms
2022-03-24 00:47:11.432  INFO 11198 --- [    Test worker] c.z.b.s.web.HelloControllerTest          : Started HelloControllerTest in 2.746 seconds (JVM running for 4.207)
]]></system-out>
  <system-err><![CDATA[]]></system-err>
</testsuite>
