<?xml version="1.0" encoding="UTF-8"?>
<testsuite name="com.zinzun.book.springboot.web.HelloControllerTest" tests="2" skipped="0" failures="0" errors="0" timestamp="2022-03-25T15:28:46" hostname="ijin-ui-MacBookPro.local" time="0.13">
  <properties/>
  <testcase name="hello가_리턴된다" classname="com.zinzun.book.springboot.web.HelloControllerTest" time="0.058"/>
  <testcase name="helloDto가_리턴된다" classname="com.zinzun.book.springboot.web.HelloControllerTest" time="0.071"/>
  <system-out><![CDATA[2022-03-26 00:28:45.297  INFO 867 --- [    Test worker] .b.t.a.w.s.WebMvcTestContextBootstrapper : Neither @ContextConfiguration nor @ContextHierarchy found for test class [com.zinzun.book.springboot.web.HelloControllerTest], using SpringBootContextLoader
2022-03-26 00:28:45.299  INFO 867 --- [    Test worker] o.s.t.c.support.AbstractContextLoader    : Could not detect default resource locations for test class [com.zinzun.book.springboot.web.HelloControllerTest]: no resource found for suffixes {-context.xml, Context.groovy}.
2022-03-26 00:28:45.299  INFO 867 --- [    Test worker] t.c.s.AnnotationConfigContextLoaderUtils : Could not detect default configuration classes for test class [com.zinzun.book.springboot.web.HelloControllerTest]: HelloControllerTest does not declare any static, non-private, non-final, nested classes annotated with @Configuration.
2022-03-26 00:28:45.328  INFO 867 --- [    Test worker] .b.t.c.SpringBootTestContextBootstrapper : Found @SpringBootConfiguration com.zinzun.book.springboot.Application for test class com.zinzun.book.springboot.web.HelloControllerTest
2022-03-26 00:28:45.329  INFO 867 --- [    Test worker] .b.t.a.w.s.WebMvcTestContextBootstrapper : Loaded default TestExecutionListener class names from location [META-INF/spring.factories]: [org.springframework.security.test.context.support.WithSecurityContextTestExecutionListener, org.springframework.security.test.context.support.ReactorContextTestExecutionListener, org.springframework.boot.test.autoconfigure.restdocs.RestDocsTestExecutionListener, org.springframework.boot.test.autoconfigure.web.client.MockRestServiceServerResetTestExecutionListener, org.springframework.boot.test.autoconfigure.web.servlet.MockMvcPrintOnlyOnFailureTestExecutionListener, org.springframework.boot.test.autoconfigure.web.servlet.WebDriverTestExecutionListener, org.springframework.boot.test.mock.mockito.MockitoTestExecutionListener, org.springframework.boot.test.mock.mockito.ResetMocksTestExecutionListener, org.springframework.test.context.web.ServletTestExecutionListener, org.springframework.test.context.support.DirtiesContextBeforeModesTestExecutionListener, org.springframework.test.context.support.DependencyInjectionTestExecutionListener, org.springframework.test.context.support.DirtiesContextTestExecutionListener, org.springframework.test.context.transaction.TransactionalTestExecutionListener, org.springframework.test.context.jdbc.SqlScriptsTestExecutionListener]
2022-03-26 00:28:45.330  INFO 867 --- [    Test worker] .b.t.a.w.s.WebMvcTestContextBootstrapper : Using TestExecutionListeners: [org.springframework.test.context.web.ServletTestExecutionListener@129eb04f, org.springframework.test.context.support.DirtiesContextBeforeModesTestExecutionListener@576e406, org.springframework.boot.test.mock.mockito.MockitoTestExecutionListener@2c06c42f, org.springframework.boot.test.autoconfigure.SpringBootDependencyInjectionTestExecutionListener@58066c5, org.springframework.test.context.support.DirtiesContextTestExecutionListener@62fbb2f2, org.springframework.test.context.transaction.TransactionalTestExecutionListener@501f3c7f, org.springframework.test.context.jdbc.SqlScriptsTestExecutionListener@4aa2bdef, org.springframework.security.test.context.support.WithSecurityContextTestExecutionListener@4c124c30, org.springframework.security.test.context.support.ReactorContextTestExecutionListener@73c10b62, org.springframework.boot.test.autoconfigure.restdocs.RestDocsTestExecutionListener@5a142da1, org.springframework.boot.test.autoconfigure.web.client.MockRestServiceServerResetTestExecutionListener@506bec9, org.springframework.boot.test.autoconfigure.web.servlet.MockMvcPrintOnlyOnFailureTestExecutionListener@5bab1195, org.springframework.boot.test.autoconfigure.web.servlet.WebDriverTestExecutionListener@20ca9b99, org.springframework.boot.test.mock.mockito.ResetMocksTestExecutionListener@5bc8d304]

  .   ____          _            __ _ _
 /\\ / ___'_ __ _ _(_)_ __  __ _ \ \ \ \
( ( )\___ | '_ | '_| | '_ \/ _` | \ \ \ \
 \\/  ___)| |_)| | | | | || (_| |  ) ) ) )
  '  |____| .__|_| |_|_| |_\__, | / / / /
 =========|_|==============|___/=/_/_/_/
 :: Spring Boot ::        (v2.1.9.RELEASE)

2022-03-26 00:28:45.363  INFO 867 --- [    Test worker] c.z.b.s.web.HelloControllerTest          : Starting HelloControllerTest on ijin-ui-MacBookPro.local with PID 867 (started by ijin in /Users/ijin/Documents/GitHub/the-actual-webservice)
2022-03-26 00:28:45.365  INFO 867 --- [    Test worker] c.z.b.s.web.HelloControllerTest          : No active profile set, falling back to default profiles: default
2022-03-26 00:28:45.833  INFO 867 --- [    Test worker] o.s.s.concurrent.ThreadPoolTaskExecutor  : Initializing ExecutorService 'applicationTaskExecutor'
2022-03-26 00:28:45.860  INFO 867 --- [    Test worker] o.s.b.a.w.s.WelcomePageHandlerMapping    : Adding welcome page template: index
2022-03-26 00:28:46.027  INFO 867 --- [    Test worker] .s.s.UserDetailsServiceAutoConfiguration : 

Using generated security password: abc12329-bbd8-4520-a974-0e3e88aa482f

2022-03-26 00:28:46.127  INFO 867 --- [    Test worker] o.s.s.web.DefaultSecurityFilterChain     : Creating filter chain: any request, [org.springframework.security.web.context.request.async.WebAsyncManagerIntegrationFilter@5f4f2590, org.springframework.security.web.context.SecurityContextPersistenceFilter@1688aa82, org.springframework.security.web.header.HeaderWriterFilter@16d2effb, org.springframework.security.web.csrf.CsrfFilter@7e540bf1, org.springframework.security.web.authentication.logout.LogoutFilter@5fdf44c, org.springframework.security.web.authentication.UsernamePasswordAuthenticationFilter@2dcac383, org.springframework.security.web.authentication.ui.DefaultLoginPageGeneratingFilter@4046759d, org.springframework.security.web.authentication.ui.DefaultLogoutPageGeneratingFilter@4908c90, org.springframework.security.web.authentication.www.BasicAuthenticationFilter@3973551d, org.springframework.security.web.savedrequest.RequestCacheAwareFilter@32342fda, org.springframework.security.web.servletapi.SecurityContextHolderAwareRequestFilter@3398b350, org.springframework.security.web.authentication.AnonymousAuthenticationFilter@27e8faa2, org.springframework.security.web.session.SessionManagementFilter@48877553, org.springframework.security.web.access.ExceptionTranslationFilter@1e4af96, org.springframework.security.web.access.intercept.FilterSecurityInterceptor@632f8f30]
2022-03-26 00:28:46.155  INFO 867 --- [    Test worker] o.s.b.t.m.w.SpringBootMockServletContext : Initializing Spring TestDispatcherServlet ''
2022-03-26 00:28:46.156  INFO 867 --- [    Test worker] o.s.t.web.servlet.TestDispatcherServlet  : Initializing Servlet ''
2022-03-26 00:28:46.170  INFO 867 --- [    Test worker] o.s.t.web.servlet.TestDispatcherServlet  : Completed initialization in 14 ms
2022-03-26 00:28:46.193  INFO 867 --- [    Test worker] c.z.b.s.web.HelloControllerTest          : Started HelloControllerTest in 0.861 seconds (JVM running for 8.83)
]]></system-out>
  <system-err><![CDATA[]]></system-err>
</testsuite>
