<?xml version="1.0" encoding="UTF-8"?>
<testsuite name="com.zinzun.book.springboot.web.IndexControllerTest" tests="1" skipped="0" failures="0" errors="0" timestamp="2022-03-25T15:28:48" hostname="ijin-ui-MacBookPro.local" time="0.181">
  <properties/>
  <testcase name="메인페이지_로딩" classname="com.zinzun.book.springboot.web.IndexControllerTest" time="0.181"/>
  <system-out><![CDATA[2022-03-26 00:28:46.332  INFO 867 --- [    Test worker] .b.t.c.SpringBootTestContextBootstrapper : Neither @ContextConfiguration nor @ContextHierarchy found for test class [com.zinzun.book.springboot.web.IndexControllerTest], using SpringBootContextLoader
2022-03-26 00:28:46.333  INFO 867 --- [    Test worker] o.s.t.c.support.AbstractContextLoader    : Could not detect default resource locations for test class [com.zinzun.book.springboot.web.IndexControllerTest]: no resource found for suffixes {-context.xml, Context.groovy}.
2022-03-26 00:28:46.333  INFO 867 --- [    Test worker] t.c.s.AnnotationConfigContextLoaderUtils : Could not detect default configuration classes for test class [com.zinzun.book.springboot.web.IndexControllerTest]: IndexControllerTest does not declare any static, non-private, non-final, nested classes annotated with @Configuration.
2022-03-26 00:28:46.335  INFO 867 --- [    Test worker] .b.t.c.SpringBootTestContextBootstrapper : Found @SpringBootConfiguration com.zinzun.book.springboot.Application for test class com.zinzun.book.springboot.web.IndexControllerTest
2022-03-26 00:28:46.338  INFO 867 --- [    Test worker] .b.t.c.SpringBootTestContextBootstrapper : Loaded default TestExecutionListener class names from location [META-INF/spring.factories]: [org.springframework.security.test.context.support.WithSecurityContextTestExecutionListener, org.springframework.security.test.context.support.ReactorContextTestExecutionListener, org.springframework.boot.test.autoconfigure.restdocs.RestDocsTestExecutionListener, org.springframework.boot.test.autoconfigure.web.client.MockRestServiceServerResetTestExecutionListener, org.springframework.boot.test.autoconfigure.web.servlet.MockMvcPrintOnlyOnFailureTestExecutionListener, org.springframework.boot.test.autoconfigure.web.servlet.WebDriverTestExecutionListener, org.springframework.boot.test.mock.mockito.MockitoTestExecutionListener, org.springframework.boot.test.mock.mockito.ResetMocksTestExecutionListener, org.springframework.test.context.web.ServletTestExecutionListener, org.springframework.test.context.support.DirtiesContextBeforeModesTestExecutionListener, org.springframework.test.context.support.DependencyInjectionTestExecutionListener, org.springframework.test.context.support.DirtiesContextTestExecutionListener, org.springframework.test.context.transaction.TransactionalTestExecutionListener, org.springframework.test.context.jdbc.SqlScriptsTestExecutionListener]
2022-03-26 00:28:46.339  INFO 867 --- [    Test worker] .b.t.c.SpringBootTestContextBootstrapper : Using TestExecutionListeners: [org.springframework.test.context.web.ServletTestExecutionListener@5f5a23e2, org.springframework.test.context.support.DirtiesContextBeforeModesTestExecutionListener@530d0a39, org.springframework.boot.test.mock.mockito.MockitoTestExecutionListener@a6915b2, org.springframework.boot.test.autoconfigure.SpringBootDependencyInjectionTestExecutionListener@589ed4c5, org.springframework.test.context.support.DirtiesContextTestExecutionListener@56d5b907, org.springframework.test.context.transaction.TransactionalTestExecutionListener@6d323d26, org.springframework.test.context.jdbc.SqlScriptsTestExecutionListener@2fb471b7, org.springframework.security.test.context.support.WithSecurityContextTestExecutionListener@1a2b078, org.springframework.security.test.context.support.ReactorContextTestExecutionListener@7ac42cca, org.springframework.boot.test.autoconfigure.restdocs.RestDocsTestExecutionListener@6e3f5b9, org.springframework.boot.test.autoconfigure.web.client.MockRestServiceServerResetTestExecutionListener@a56151b, org.springframework.boot.test.autoconfigure.web.servlet.MockMvcPrintOnlyOnFailureTestExecutionListener@1e634559, org.springframework.boot.test.autoconfigure.web.servlet.WebDriverTestExecutionListener@459a9823, org.springframework.boot.test.mock.mockito.ResetMocksTestExecutionListener@5c4de314]

  .   ____          _            __ _ _
 /\\ / ___'_ __ _ _(_)_ __  __ _ \ \ \ \
( ( )\___ | '_ | '_| | '_ \/ _` | \ \ \ \
 \\/  ___)| |_)| | | | | || (_| |  ) ) ) )
  '  |____| .__|_| |_|_| |_\__, | / / / /
 =========|_|==============|___/=/_/_/_/
 :: Spring Boot ::        (v2.1.9.RELEASE)

2022-03-26 00:28:46.362  INFO 867 --- [    Test worker] c.z.b.s.web.IndexControllerTest          : Starting IndexControllerTest on ijin-ui-MacBookPro.local with PID 867 (started by ijin in /Users/ijin/Documents/GitHub/the-actual-webservice)
2022-03-26 00:28:46.362  INFO 867 --- [    Test worker] c.z.b.s.web.IndexControllerTest          : No active profile set, falling back to default profiles: default
2022-03-26 00:28:46.545  INFO 867 --- [    Test worker] .s.d.r.c.RepositoryConfigurationDelegate : Bootstrapping Spring Data repositories in DEFAULT mode.
2022-03-26 00:28:46.559  INFO 867 --- [    Test worker] .s.d.r.c.RepositoryConfigurationDelegate : Finished Spring Data repository scanning in 14ms. Found 2 repository interfaces.
2022-03-26 00:28:46.660  INFO 867 --- [    Test worker] trationDelegate$BeanPostProcessorChecker : Bean 'org.springframework.transaction.annotation.ProxyTransactionManagementConfiguration' of type [org.springframework.transaction.annotation.ProxyTransactionManagementConfiguration$$EnhancerBySpringCGLIB$$3256b3a4] is not eligible for getting processed by all BeanPostProcessors (for example: not eligible for auto-proxying)
2022-03-26 00:28:46.882  INFO 867 --- [    Test worker] o.s.b.w.embedded.tomcat.TomcatWebServer  : Tomcat initialized with port(s): 0 (http)
2022-03-26 00:28:46.914  INFO 867 --- [    Test worker] o.apache.catalina.core.StandardService   : Starting service [Tomcat]
2022-03-26 00:28:46.915  INFO 867 --- [    Test worker] org.apache.catalina.core.StandardEngine  : Starting Servlet engine: [Apache Tomcat/9.0.26]
2022-03-26 00:28:47.081  INFO 867 --- [    Test worker] o.a.c.c.C.[Tomcat].[localhost].[/]       : Initializing Spring embedded WebApplicationContext
2022-03-26 00:28:47.081  INFO 867 --- [    Test worker] o.s.web.context.ContextLoader            : Root WebApplicationContext: initialization completed in 717 ms
2022-03-26 00:28:47.285  INFO 867 --- [    Test worker] com.zaxxer.hikari.HikariDataSource       : HikariPool-2 - Starting...
2022-03-26 00:28:47.287  INFO 867 --- [    Test worker] com.zaxxer.hikari.HikariDataSource       : HikariPool-2 - Start completed.
2022-03-26 00:28:47.347  INFO 867 --- [    Test worker] o.hibernate.jpa.internal.util.LogHelper  : HHH000204: Processing PersistenceUnitInfo [
	name: default
	...]
2022-03-26 00:28:47.356  INFO 867 --- [    Test worker] org.hibernate.dialect.Dialect            : HHH000400: Using dialect: org.hibernate.dialect.MySQL5InnoDBDialect
Hibernate: drop table if exists posts
Hibernate: drop table if exists user
Hibernate: create table posts (id bigint not null auto_increment, created_date datetime, modified_date datetime, author varchar(255), content TEXT not null, title varchar(500) not null, primary key (id)) engine=InnoDB
Hibernate: create table user (id bigint not null auto_increment, created_date datetime, modified_date datetime, email varchar(255) not null, name varchar(255) not null, picture varchar(255), role varchar(255) not null, primary key (id)) engine=InnoDB
2022-03-26 00:28:47.415  INFO 867 --- [    Test worker] o.h.t.schema.internal.SchemaCreatorImpl  : HHH000476: Executing import script 'org.hibernate.tool.schema.internal.exec.ScriptSourceInputNonExistentImpl@3f17e032'
2022-03-26 00:28:47.415  INFO 867 --- [    Test worker] j.LocalContainerEntityManagerFactoryBean : Initialized JPA EntityManagerFactory for persistence unit 'default'
2022-03-26 00:28:47.616  INFO 867 --- [    Test worker] o.h.h.i.QueryTranslatorFactoryInitiator  : HHH000397: Using ASTQueryTranslatorFactory
2022-03-26 00:28:47.872  INFO 867 --- [    Test worker] o.s.s.web.DefaultSecurityFilterChain     : Creating filter chain: any request, [org.springframework.security.web.context.request.async.WebAsyncManagerIntegrationFilter@12ba77b5, org.springframework.security.web.context.SecurityContextPersistenceFilter@3e410d8c, org.springframework.security.web.header.HeaderWriterFilter@56246305, org.springframework.security.web.authentication.logout.LogoutFilter@266082a8, org.springframework.security.oauth2.client.web.OAuth2AuthorizationRequestRedirectFilter@3260d398, org.springframework.security.oauth2.client.web.OAuth2LoginAuthenticationFilter@1ae68d26, org.springframework.security.web.authentication.ui.DefaultLoginPageGeneratingFilter@10fbc056, org.springframework.security.web.authentication.ui.DefaultLogoutPageGeneratingFilter@6b3b1234, org.springframework.security.web.savedrequest.RequestCacheAwareFilter@6ae842f7, org.springframework.security.web.servletapi.SecurityContextHolderAwareRequestFilter@1f2138e4, org.springframework.security.web.authentication.AnonymousAuthenticationFilter@5ff3e0d8, org.springframework.security.web.session.SessionManagementFilter@18a2fee8, org.springframework.security.web.access.ExceptionTranslationFilter@58d19596, org.springframework.security.web.access.intercept.FilterSecurityInterceptor@6bc24759]
2022-03-26 00:28:48.074  INFO 867 --- [    Test worker] o.s.s.concurrent.ThreadPoolTaskExecutor  : Initializing ExecutorService 'applicationTaskExecutor'
2022-03-26 00:28:48.088  WARN 867 --- [    Test worker] aWebConfiguration$JpaWebMvcConfiguration : spring.jpa.open-in-view is enabled by default. Therefore, database queries may be performed during view rendering. Explicitly configure spring.jpa.open-in-view to disable this warning
2022-03-26 00:28:48.111  INFO 867 --- [    Test worker] o.s.b.a.w.s.WelcomePageHandlerMapping    : Adding welcome page template: index
2022-03-26 00:28:48.374  INFO 867 --- [    Test worker] s.a.ScheduledAnnotationBeanPostProcessor : No TaskScheduler/ScheduledExecutorService bean found for scheduled processing
2022-03-26 00:28:48.396  INFO 867 --- [    Test worker] o.s.b.w.embedded.tomcat.TomcatWebServer  : Tomcat started on port(s): 56392 (http) with context path ''
2022-03-26 00:28:48.397  INFO 867 --- [    Test worker] c.z.b.s.web.IndexControllerTest          : Started IndexControllerTest in 2.057 seconds (JVM running for 11.034)
2022-03-26 00:28:48.486  INFO 867 --- [o-auto-1-exec-1] o.a.c.c.C.[Tomcat].[localhost].[/]       : Initializing Spring DispatcherServlet 'dispatcherServlet'
2022-03-26 00:28:48.487  INFO 867 --- [o-auto-1-exec-1] o.s.web.servlet.DispatcherServlet        : Initializing Servlet 'dispatcherServlet'
2022-03-26 00:28:48.508  INFO 867 --- [o-auto-1-exec-1] o.s.web.servlet.DispatcherServlet        : Completed initialization in 21 ms
Hibernate: select posts0_.id as id1_0_, posts0_.created_date as created_2_0_, posts0_.modified_date as modified3_0_, posts0_.author as author4_0_, posts0_.content as content5_0_, posts0_.title as title6_0_ from posts posts0_ order by posts0_.id DESC
]]></system-out>
  <system-err><![CDATA[]]></system-err>
</testsuite>
