<?xml version="1.0" encoding="UTF-8"?>
<testsuite name="com.zinzun.book.springboot.web.HelloControllerTest" tests="2" skipped="0" failures="0" errors="0" timestamp="2022-03-25T15:46:09" hostname="ijin-ui-MacBookPro.local" time="0.185">
  <properties/>
  <testcase name="hello가_리턴된다" classname="com.zinzun.book.springboot.web.HelloControllerTest" time="0.073"/>
  <testcase name="helloDto가_리턴된다" classname="com.zinzun.book.springboot.web.HelloControllerTest" time="0.11"/>
  <system-out><![CDATA[2022-03-26 00:46:08.041  INFO 9689 --- [    Test worker] .b.t.a.w.s.WebMvcTestContextBootstrapper : Neither @ContextConfiguration nor @ContextHierarchy found for test class [com.zinzun.book.springboot.web.HelloControllerTest], using SpringBootContextLoader
2022-03-26 00:46:08.042  INFO 9689 --- [    Test worker] o.s.t.c.support.AbstractContextLoader    : Could not detect default resource locations for test class [com.zinzun.book.springboot.web.HelloControllerTest]: no resource found for suffixes {-context.xml, Context.groovy}.
2022-03-26 00:46:08.042  INFO 9689 --- [    Test worker] t.c.s.AnnotationConfigContextLoaderUtils : Could not detect default configuration classes for test class [com.zinzun.book.springboot.web.HelloControllerTest]: HelloControllerTest does not declare any static, non-private, non-final, nested classes annotated with @Configuration.
2022-03-26 00:46:08.089  INFO 9689 --- [    Test worker] .b.t.c.SpringBootTestContextBootstrapper : Found @SpringBootConfiguration com.zinzun.book.springboot.Application for test class com.zinzun.book.springboot.web.HelloControllerTest
2022-03-26 00:46:08.090  INFO 9689 --- [    Test worker] .b.t.a.w.s.WebMvcTestContextBootstrapper : Loaded default TestExecutionListener class names from location [META-INF/spring.factories]: [org.springframework.security.test.context.support.WithSecurityContextTestExecutionListener, org.springframework.security.test.context.support.ReactorContextTestExecutionListener, org.springframework.boot.test.autoconfigure.restdocs.RestDocsTestExecutionListener, org.springframework.boot.test.autoconfigure.web.client.MockRestServiceServerResetTestExecutionListener, org.springframework.boot.test.autoconfigure.web.servlet.MockMvcPrintOnlyOnFailureTestExecutionListener, org.springframework.boot.test.autoconfigure.web.servlet.WebDriverTestExecutionListener, org.springframework.boot.test.mock.mockito.MockitoTestExecutionListener, org.springframework.boot.test.mock.mockito.ResetMocksTestExecutionListener, org.springframework.test.context.web.ServletTestExecutionListener, org.springframework.test.context.support.DirtiesContextBeforeModesTestExecutionListener, org.springframework.test.context.support.DependencyInjectionTestExecutionListener, org.springframework.test.context.support.DirtiesContextTestExecutionListener, org.springframework.test.context.transaction.TransactionalTestExecutionListener, org.springframework.test.context.jdbc.SqlScriptsTestExecutionListener]
2022-03-26 00:46:08.091  INFO 9689 --- [    Test worker] .b.t.a.w.s.WebMvcTestContextBootstrapper : Using TestExecutionListeners: [org.springframework.test.context.web.ServletTestExecutionListener@660ae726, org.springframework.test.context.support.DirtiesContextBeforeModesTestExecutionListener@21b77757, org.springframework.boot.test.mock.mockito.MockitoTestExecutionListener@4b54a4e, org.springframework.boot.test.autoconfigure.SpringBootDependencyInjectionTestExecutionListener@8b7bab5, org.springframework.test.context.support.DirtiesContextTestExecutionListener@39354f52, org.springframework.test.context.transaction.TransactionalTestExecutionListener@23a28aec, org.springframework.test.context.jdbc.SqlScriptsTestExecutionListener@deb43ec, org.springframework.security.test.context.support.WithSecurityContextTestExecutionListener@38bc32f6, org.springframework.security.test.context.support.ReactorContextTestExecutionListener@2b60a56c, org.springframework.boot.test.autoconfigure.restdocs.RestDocsTestExecutionListener@1c22af06, org.springframework.boot.test.autoconfigure.web.client.MockRestServiceServerResetTestExecutionListener@4b817b4d, org.springframework.boot.test.autoconfigure.web.servlet.MockMvcPrintOnlyOnFailureTestExecutionListener@1273db49, org.springframework.boot.test.autoconfigure.web.servlet.WebDriverTestExecutionListener@3c9647ae, org.springframework.boot.test.mock.mockito.ResetMocksTestExecutionListener@35c585a5]

  .   ____          _            __ _ _
 /\\ / ___'_ __ _ _(_)_ __  __ _ \ \ \ \
( ( )\___ | '_ | '_| | '_ \/ _` | \ \ \ \
 \\/  ___)| |_)| | | | | || (_| |  ) ) ) )
  '  |____| .__|_| |_|_| |_\__, | / / / /
 =========|_|==============|___/=/_/_/_/
 :: Spring Boot ::        (v2.1.9.RELEASE)

2022-03-26 00:46:08.171  INFO 9689 --- [    Test worker] c.z.b.s.web.HelloControllerTest          : Starting HelloControllerTest on ijin-ui-MacBookPro.local with PID 9689 (started by ijin in /Users/ijin/Documents/GitHub/the-actual-webservice)
2022-03-26 00:46:08.173  INFO 9689 --- [    Test worker] c.z.b.s.web.HelloControllerTest          : No active profile set, falling back to default profiles: default
2022-03-26 00:46:08.665  INFO 9689 --- [    Test worker] o.s.s.concurrent.ThreadPoolTaskExecutor  : Initializing ExecutorService 'applicationTaskExecutor'
2022-03-26 00:46:08.693  INFO 9689 --- [    Test worker] o.s.b.a.w.s.WelcomePageHandlerMapping    : Adding welcome page template: index
2022-03-26 00:46:08.852  INFO 9689 --- [    Test worker] .s.s.UserDetailsServiceAutoConfiguration : 

Using generated security password: cdee30ce-2ba5-4e22-a9a1-736967fb0a35

2022-03-26 00:46:08.950  INFO 9689 --- [    Test worker] o.s.s.web.DefaultSecurityFilterChain     : Creating filter chain: any request, [org.springframework.security.web.context.request.async.WebAsyncManagerIntegrationFilter@62555b33, org.springframework.security.web.context.SecurityContextPersistenceFilter@2943d896, org.springframework.security.web.header.HeaderWriterFilter@1fc583a4, org.springframework.security.web.csrf.CsrfFilter@b8c4e87, org.springframework.security.web.authentication.logout.LogoutFilter@7f16fac2, org.springframework.security.web.authentication.UsernamePasswordAuthenticationFilter@d28847b, org.springframework.security.web.authentication.ui.DefaultLoginPageGeneratingFilter@5f54171f, org.springframework.security.web.authentication.ui.DefaultLogoutPageGeneratingFilter@76558ad7, org.springframework.security.web.authentication.www.BasicAuthenticationFilter@12da0c3d, org.springframework.security.web.savedrequest.RequestCacheAwareFilter@3a482dae, org.springframework.security.web.servletapi.SecurityContextHolderAwareRequestFilter@9a351e0, org.springframework.security.web.authentication.AnonymousAuthenticationFilter@342cdbc4, org.springframework.security.web.session.SessionManagementFilter@76540ead, org.springframework.security.web.access.ExceptionTranslationFilter@6a5f28f8, org.springframework.security.web.access.intercept.FilterSecurityInterceptor@100485c9]
2022-03-26 00:46:08.984  INFO 9689 --- [    Test worker] o.s.b.t.m.w.SpringBootMockServletContext : Initializing Spring TestDispatcherServlet ''
2022-03-26 00:46:08.984  INFO 9689 --- [    Test worker] o.s.t.web.servlet.TestDispatcherServlet  : Initializing Servlet ''
2022-03-26 00:46:08.997  INFO 9689 --- [    Test worker] o.s.t.web.servlet.TestDispatcherServlet  : Completed initialization in 13 ms
2022-03-26 00:46:09.019  INFO 9689 --- [    Test worker] c.z.b.s.web.HelloControllerTest          : Started HelloControllerTest in 0.925 seconds (JVM running for 9.812)
]]></system-out>
  <system-err><![CDATA[]]></system-err>
</testsuite>
